{"/Users/petercarmichael/codefellows/401/labs/401lab15/routes/router.js": {"path":"/Users/petercarmichael/codefellows/401/labs/401lab15/routes/router.js","statementMap":{"0":{"start":{"line":3,"column":16},"end":{"line":3,"column":34}},"1":{"start":{"line":4,"column":19},"end":{"line":4,"column":35}},"2":{"start":{"line":6,"column":14},"end":{"line":6,"column":49}},"3":{"start":{"line":7,"column":13},"end":{"line":7,"column":47}},"4":{"start":{"line":8,"column":13},"end":{"line":8,"column":46}},"5":{"start":{"line":10,"column":0},"end":{"line":20,"column":3}},"6":{"start":{"line":11,"column":15},"end":{"line":11,"column":33}},"7":{"start":{"line":12,"column":4},"end":{"line":19,"column":23}},"8":{"start":{"line":14,"column":12},"end":{"line":14,"column":45}},"9":{"start":{"line":15,"column":12},"end":{"line":15,"column":28}},"10":{"start":{"line":16,"column":12},"end":{"line":16,"column":40}},"11":{"start":{"line":17,"column":12},"end":{"line":17,"column":42}},"12":{"start":{"line":18,"column":12},"end":{"line":18,"column":32}},"13":{"start":{"line":22,"column":0},"end":{"line":25,"column":3}},"14":{"start":{"line":23,"column":4},"end":{"line":23,"column":34}},"15":{"start":{"line":24,"column":4},"end":{"line":24,"column":24}},"16":{"start":{"line":35,"column":0},"end":{"line":41,"column":2}},"17":{"start":{"line":36,"column":4},"end":{"line":40,"column":50}},"18":{"start":{"line":38,"column":12},"end":{"line":38,"column":27}},"19":{"start":{"line":40,"column":21},"end":{"line":40,"column":49}},"20":{"start":{"line":43,"column":0},"end":{"line":50,"column":2}},"21":{"start":{"line":44,"column":4},"end":{"line":49,"column":10}},"22":{"start":{"line":48,"column":12},"end":{"line":48,"column":31}},"23":{"start":{"line":52,"column":0},"end":{"line":59,"column":2}},"24":{"start":{"line":53,"column":4},"end":{"line":58,"column":10}},"25":{"start":{"line":57,"column":12},"end":{"line":57,"column":31}},"26":{"start":{"line":61,"column":0},"end":{"line":67,"column":2}},"27":{"start":{"line":62,"column":16},"end":{"line":62,"column":35}},"28":{"start":{"line":63,"column":4},"end":{"line":66,"column":10}},"29":{"start":{"line":65,"column":12},"end":{"line":65,"column":31}},"30":{"start":{"line":69,"column":0},"end":{"line":75,"column":2}},"31":{"start":{"line":70,"column":18},"end":{"line":72,"column":20}},"32":{"start":{"line":73,"column":4},"end":{"line":73,"column":16}},"33":{"start":{"line":74,"column":4},"end":{"line":74,"column":19}},"34":{"start":{"line":77,"column":0},"end":{"line":80,"column":2}},"35":{"start":{"line":78,"column":4},"end":{"line":79,"column":47}},"36":{"start":{"line":84,"column":0},"end":{"line":84,"column":28}}},"fnMap":{"0":{"name":"(anonymous_0)","decl":{"start":{"line":10,"column":27},"end":{"line":10,"column":28}},"loc":{"start":{"line":10,"column":47},"end":{"line":20,"column":1}},"line":10},"1":{"name":"(anonymous_1)","decl":{"start":{"line":13,"column":14},"end":{"line":13,"column":15}},"loc":{"start":{"line":13,"column":24},"end":{"line":19,"column":9}},"line":13},"2":{"name":"(anonymous_2)","decl":{"start":{"line":22,"column":33},"end":{"line":22,"column":34}},"loc":{"start":{"line":22,"column":53},"end":{"line":25,"column":1}},"line":22},"3":{"name":"(anonymous_3)","decl":{"start":{"line":35,"column":26},"end":{"line":35,"column":27}},"loc":{"start":{"line":35,"column":46},"end":{"line":41,"column":1}},"line":35},"4":{"name":"(anonymous_4)","decl":{"start":{"line":37,"column":14},"end":{"line":37,"column":15}},"loc":{"start":{"line":37,"column":22},"end":{"line":39,"column":9}},"line":37},"5":{"name":"(anonymous_5)","decl":{"start":{"line":40,"column":15},"end":{"line":40,"column":16}},"loc":{"start":{"line":40,"column":21},"end":{"line":40,"column":49}},"line":40},"6":{"name":"(anonymous_6)","decl":{"start":{"line":43,"column":29},"end":{"line":43,"column":30}},"loc":{"start":{"line":43,"column":49},"end":{"line":50,"column":1}},"line":43},"7":{"name":"(anonymous_7)","decl":{"start":{"line":47,"column":14},"end":{"line":47,"column":15}},"loc":{"start":{"line":47,"column":26},"end":{"line":49,"column":9}},"line":47},"8":{"name":"(anonymous_8)","decl":{"start":{"line":52,"column":34},"end":{"line":52,"column":35}},"loc":{"start":{"line":52,"column":54},"end":{"line":59,"column":1}},"line":52},"9":{"name":"(anonymous_9)","decl":{"start":{"line":56,"column":14},"end":{"line":56,"column":15}},"loc":{"start":{"line":56,"column":26},"end":{"line":58,"column":9}},"line":56},"10":{"name":"(anonymous_10)","decl":{"start":{"line":61,"column":27},"end":{"line":61,"column":28}},"loc":{"start":{"line":61,"column":47},"end":{"line":67,"column":1}},"line":61},"11":{"name":"(anonymous_11)","decl":{"start":{"line":64,"column":14},"end":{"line":64,"column":15}},"loc":{"start":{"line":64,"column":26},"end":{"line":66,"column":9}},"line":64},"12":{"name":"(anonymous_12)","decl":{"start":{"line":69,"column":30},"end":{"line":69,"column":31}},"loc":{"start":{"line":69,"column":56},"end":{"line":75,"column":1}},"line":69},"13":{"name":"(anonymous_13)","decl":{"start":{"line":77,"column":32},"end":{"line":77,"column":33}},"loc":{"start":{"line":77,"column":50},"end":{"line":80,"column":1}},"line":77}},"branchMap":{},"s":{"0":1,"1":1,"2":1,"3":1,"4":1,"5":1,"6":1,"7":1,"8":1,"9":1,"10":1,"11":1,"12":1,"13":1,"14":1,"15":1,"16":1,"17":1,"18":1,"19":0,"20":1,"21":0,"22":0,"23":1,"24":0,"25":0,"26":1,"27":1,"28":1,"29":1,"30":1,"31":0,"32":0,"33":0,"34":1,"35":0,"36":1},"f":{"0":1,"1":1,"2":1,"3":1,"4":1,"5":0,"6":0,"7":0,"8":0,"9":0,"10":1,"11":1,"12":0,"13":0},"b":{},"_coverageSchema":"43e27e138ebf9cfc5966b082cf9a028302ed4184","hash":"d84788a01f3bcfb5bb4b8ea7bd7ecea60dcc6540"}
,"/Users/petercarmichael/codefellows/401/labs/401lab15/src/server.js": {"path":"/Users/petercarmichael/codefellows/401/labs/401lab15/src/server.js","statementMap":{"0":{"start":{"line":4,"column":16},"end":{"line":4,"column":34}},"1":{"start":{"line":5,"column":13},"end":{"line":5,"column":28}},"2":{"start":{"line":6,"column":15},"end":{"line":6,"column":32}},"3":{"start":{"line":9,"column":21},"end":{"line":9,"column":52}},"4":{"start":{"line":10,"column":17},"end":{"line":10,"column":49}},"5":{"start":{"line":11,"column":19},"end":{"line":11,"column":48}},"6":{"start":{"line":14,"column":12},"end":{"line":14,"column":21}},"7":{"start":{"line":17,"column":0},"end":{"line":17,"column":16}},"8":{"start":{"line":18,"column":0},"end":{"line":18,"column":23}},"9":{"start":{"line":20,"column":0},"end":{"line":20,"column":24}},"10":{"start":{"line":21,"column":0},"end":{"line":21,"column":45}},"11":{"start":{"line":24,"column":0},"end":{"line":24,"column":20}},"12":{"start":{"line":27,"column":0},"end":{"line":27,"column":18}},"13":{"start":{"line":30,"column":0},"end":{"line":37,"column":2}},"14":{"start":{"line":33,"column":4},"end":{"line":35,"column":7}},"15":{"start":{"line":34,"column":6},"end":{"line":34,"column":42}}},"fnMap":{"0":{"name":"(anonymous_0)","decl":{"start":{"line":32,"column":9},"end":{"line":32,"column":10}},"loc":{"start":{"line":32,"column":19},"end":{"line":36,"column":3}},"line":32},"1":{"name":"(anonymous_1)","decl":{"start":{"line":33,"column":21},"end":{"line":33,"column":22}},"loc":{"start":{"line":33,"column":27},"end":{"line":35,"column":5}},"line":33}},"branchMap":{},"s":{"0":1,"1":1,"2":1,"3":1,"4":1,"5":1,"6":1,"7":1,"8":1,"9":1,"10":1,"11":1,"12":1,"13":1,"14":0,"15":0},"f":{"0":0,"1":0},"b":{},"_coverageSchema":"43e27e138ebf9cfc5966b082cf9a028302ed4184","hash":"4ef6ae63e43a10fcd97acac3e3223f836b05da43"}
,"/Users/petercarmichael/codefellows/401/labs/401lab15/src/auth/middleware.js": {"path":"/Users/petercarmichael/codefellows/401/labs/401lab15/src/auth/middleware.js","statementMap":{"0":{"start":{"line":3,"column":13},"end":{"line":3,"column":43}},"1":{"start":{"line":5,"column":0},"end":{"line":58,"column":2}},"2":{"start":{"line":7,"column":2},"end":{"line":21,"column":3}},"3":{"start":{"line":8,"column":33},"end":{"line":8,"column":71}},"4":{"start":{"line":10,"column":4},"end":{"line":17,"column":5}},"5":{"start":{"line":12,"column":8},"end":{"line":12,"column":38}},"6":{"start":{"line":14,"column":8},"end":{"line":14,"column":39}},"7":{"start":{"line":16,"column":8},"end":{"line":16,"column":28}},"8":{"start":{"line":20,"column":4},"end":{"line":20,"column":12}},"9":{"start":{"line":26,"column":23},"end":{"line":26,"column":49}},"10":{"start":{"line":27,"column":23},"end":{"line":27,"column":46}},"11":{"start":{"line":28,"column":31},"end":{"line":28,"column":54}},"12":{"start":{"line":29,"column":15},"end":{"line":29,"column":34}},"13":{"start":{"line":31,"column":4},"end":{"line":33,"column":19}},"14":{"start":{"line":32,"column":20},"end":{"line":32,"column":39}},"15":{"start":{"line":37,"column":4},"end":{"line":39,"column":19}},"16":{"start":{"line":38,"column":20},"end":{"line":38,"column":39}},"17":{"start":{"line":43,"column":4},"end":{"line":43,"column":22}},"18":{"start":{"line":44,"column":4},"end":{"line":51,"column":5}},"19":{"start":{"line":45,"column":6},"end":{"line":45,"column":22}},"20":{"start":{"line":46,"column":6},"end":{"line":46,"column":39}},"21":{"start":{"line":47,"column":6},"end":{"line":47,"column":13}},"22":{"start":{"line":50,"column":6},"end":{"line":50,"column":19}},"23":{"start":{"line":55,"column":4},"end":{"line":55,"column":37}}},"fnMap":{"0":{"name":"(anonymous_0)","decl":{"start":{"line":5,"column":17},"end":{"line":5,"column":18}},"loc":{"start":{"line":5,"column":37},"end":{"line":58,"column":1}},"line":5},"1":{"name":"_authBasic","decl":{"start":{"line":24,"column":11},"end":{"line":24,"column":21}},"loc":{"start":{"line":24,"column":27},"end":{"line":34,"column":3}},"line":24},"2":{"name":"(anonymous_2)","decl":{"start":{"line":32,"column":12},"end":{"line":32,"column":13}},"loc":{"start":{"line":32,"column":20},"end":{"line":32,"column":39}},"line":32},"3":{"name":"_authBearer","decl":{"start":{"line":36,"column":11},"end":{"line":36,"column":22}},"loc":{"start":{"line":36,"column":34},"end":{"line":40,"column":3}},"line":36},"4":{"name":"(anonymous_4)","decl":{"start":{"line":38,"column":12},"end":{"line":38,"column":13}},"loc":{"start":{"line":38,"column":20},"end":{"line":38,"column":39}},"line":38},"5":{"name":"_authenticate","decl":{"start":{"line":42,"column":11},"end":{"line":42,"column":24}},"loc":{"start":{"line":42,"column":31},"end":{"line":52,"column":3}},"line":42},"6":{"name":"_authError","decl":{"start":{"line":54,"column":11},"end":{"line":54,"column":21}},"loc":{"start":{"line":54,"column":24},"end":{"line":56,"column":3}},"line":54}},"branchMap":{"0":{"loc":{"start":{"line":10,"column":4},"end":{"line":17,"column":5}},"type":"switch","locations":[{"start":{"line":11,"column":6},"end":{"line":12,"column":38}},{"start":{"line":13,"column":6},"end":{"line":14,"column":39}},{"start":{"line":15,"column":6},"end":{"line":16,"column":28}}],"line":10},"1":{"loc":{"start":{"line":44,"column":4},"end":{"line":51,"column":5}},"type":"if","locations":[{"start":{"line":44,"column":4},"end":{"line":51,"column":5}},{"start":{"line":44,"column":4},"end":{"line":51,"column":5}}],"line":44}},"s":{"0":1,"1":1,"2":1,"3":1,"4":1,"5":1,"6":0,"7":0,"8":0,"9":1,"10":1,"11":1,"12":1,"13":1,"14":1,"15":0,"16":0,"17":1,"18":1,"19":1,"20":1,"21":1,"22":0,"23":0},"f":{"0":1,"1":1,"2":1,"3":0,"4":0,"5":1,"6":0},"b":{"0":[1,0,0],"1":[1,0]},"_coverageSchema":"43e27e138ebf9cfc5966b082cf9a028302ed4184","hash":"8cd4faab19f2d4af01c611258bbb402ada1bdeb2"}
,"/Users/petercarmichael/codefellows/401/labs/401lab15/src/middleware/404.js": {"path":"/Users/petercarmichael/codefellows/401/labs/401lab15/src/middleware/404.js","statementMap":{"0":{"start":{"line":3,"column":0},"end":{"line":10,"column":2}},"1":{"start":{"line":4,"column":14},"end":{"line":4,"column":44}},"2":{"start":{"line":5,"column":2},"end":{"line":5,"column":23}},"3":{"start":{"line":6,"column":2},"end":{"line":6,"column":34}},"4":{"start":{"line":7,"column":2},"end":{"line":7,"column":52}},"5":{"start":{"line":8,"column":2},"end":{"line":8,"column":35}},"6":{"start":{"line":9,"column":2},"end":{"line":9,"column":12}}},"fnMap":{"0":{"name":"(anonymous_0)","decl":{"start":{"line":3,"column":17},"end":{"line":3,"column":18}},"loc":{"start":{"line":3,"column":35},"end":{"line":10,"column":1}},"line":3}},"branchMap":{},"s":{"0":1,"1":0,"2":0,"3":0,"4":0,"5":0,"6":0},"f":{"0":0},"b":{},"_coverageSchema":"43e27e138ebf9cfc5966b082cf9a028302ed4184","hash":"daf0e93a60fdff1707271e11ec5d5e32bd2b6a1b"}
,"/Users/petercarmichael/codefellows/401/labs/401lab15/src/middleware/500.js": {"path":"/Users/petercarmichael/codefellows/401/labs/401lab15/src/middleware/500.js","statementMap":{"0":{"start":{"line":3,"column":0},"end":{"line":6,"column":2}},"1":{"start":{"line":4,"column":14},"end":{"line":4,"column":28}},"2":{"start":{"line":5,"column":2},"end":{"line":5,"column":36}}},"fnMap":{"0":{"name":"(anonymous_0)","decl":{"start":{"line":3,"column":17},"end":{"line":3,"column":18}},"loc":{"start":{"line":3,"column":42},"end":{"line":6,"column":1}},"line":3}},"branchMap":{},"s":{"0":1,"1":0,"2":0},"f":{"0":0},"b":{},"_coverageSchema":"43e27e138ebf9cfc5966b082cf9a028302ed4184","hash":"ece4d3c6f0fc97f920b9d071ba3aea54e37b0771"}
,"/Users/petercarmichael/codefellows/401/labs/401lab15/src/models/imageModel.js": {"path":"/Users/petercarmichael/codefellows/401/labs/401lab15/src/models/imageModel.js","statementMap":{"0":{"start":{"line":3,"column":17},"end":{"line":3,"column":36}},"1":{"start":{"line":5,"column":15},"end":{"line":11,"column":2}},"2":{"start":{"line":13,"column":0},"end":{"line":13,"column":49}}},"fnMap":{},"branchMap":{},"s":{"0":1,"1":1,"2":1},"f":{},"b":{},"_coverageSchema":"43e27e138ebf9cfc5966b082cf9a028302ed4184","hash":"fa1e2a933cc7e5cb626032f8b432108ad12fcf76"}
,"/Users/petercarmichael/codefellows/401/labs/401lab15/src/models/userModel.js": {"path":"/Users/petercarmichael/codefellows/401/labs/401lab15/src/models/userModel.js","statementMap":{"0":{"start":{"line":3,"column":17},"end":{"line":3,"column":36}},"1":{"start":{"line":4,"column":15},"end":{"line":4,"column":32}},"2":{"start":{"line":5,"column":12},"end":{"line":5,"column":35}},"3":{"start":{"line":6,"column":15},"end":{"line":6,"column":33}},"4":{"start":{"line":8,"column":14},"end":{"line":12,"column":2}},"5":{"start":{"line":14,"column":0},"end":{"line":19,"column":5}},"6":{"start":{"line":15,"column":4},"end":{"line":18,"column":5}},"7":{"start":{"line":17,"column":6},"end":{"line":17,"column":59}},"8":{"start":{"line":21,"column":2},"end":{"line":38,"column":4}},"9":{"start":{"line":23,"column":4},"end":{"line":23,"column":62}},"10":{"start":{"line":23,"column":18},"end":{"line":23,"column":60}},"11":{"start":{"line":25,"column":4},"end":{"line":36,"column":9}},"12":{"start":{"line":27,"column":8},"end":{"line":27,"column":58}},"13":{"start":{"line":27,"column":22},"end":{"line":27,"column":56}},"14":{"start":{"line":28,"column":8},"end":{"line":28,"column":51}},"15":{"start":{"line":29,"column":8},"end":{"line":29,"column":20}},"16":{"start":{"line":32,"column":8},"end":{"line":32,"column":41}},"17":{"start":{"line":33,"column":23},"end":{"line":33,"column":28}},"18":{"start":{"line":34,"column":23},"end":{"line":34,"column":29}},"19":{"start":{"line":35,"column":8},"end":{"line":35,"column":56}},"20":{"start":{"line":40,"column":2},"end":{"line":45,"column":4}},"21":{"start":{"line":41,"column":16},"end":{"line":41,"column":40}},"22":{"start":{"line":42,"column":4},"end":{"line":44,"column":38}},"23":{"start":{"line":43,"column":21},"end":{"line":43,"column":64}},"24":{"start":{"line":44,"column":23},"end":{"line":44,"column":35}},"25":{"start":{"line":47,"column":2},"end":{"line":51,"column":4}},"26":{"start":{"line":48,"column":22},"end":{"line":48,"column":47}},"27":{"start":{"line":49,"column":4},"end":{"line":49,"column":29}},"28":{"start":{"line":50,"column":4},"end":{"line":50,"column":46}},"29":{"start":{"line":53,"column":2},"end":{"line":56,"column":4}},"30":{"start":{"line":54,"column":4},"end":{"line":55,"column":43}},"31":{"start":{"line":55,"column":22},"end":{"line":55,"column":41}},"32":{"start":{"line":58,"column":2},"end":{"line":63,"column":4}},"33":{"start":{"line":59,"column":16},"end":{"line":61,"column":5}},"34":{"start":{"line":62,"column":4},"end":{"line":62,"column":35}},"35":{"start":{"line":65,"column":2},"end":{"line":65,"column":50}}},"fnMap":{"0":{"name":"(anonymous_0)","decl":{"start":{"line":14,"column":18},"end":{"line":14,"column":19}},"loc":{"start":{"line":14,"column":35},"end":{"line":19,"column":3}},"line":14},"1":{"name":"(anonymous_1)","decl":{"start":{"line":21,"column":34},"end":{"line":21,"column":35}},"loc":{"start":{"line":21,"column":50},"end":{"line":38,"column":3}},"line":21},"2":{"name":"(anonymous_2)","decl":{"start":{"line":26,"column":12},"end":{"line":26,"column":13}},"loc":{"start":{"line":26,"column":20},"end":{"line":30,"column":7}},"line":26},"3":{"name":"(anonymous_3)","decl":{"start":{"line":31,"column":14},"end":{"line":31,"column":15}},"loc":{"start":{"line":31,"column":23},"end":{"line":36,"column":7}},"line":31},"4":{"name":"(anonymous_4)","decl":{"start":{"line":40,"column":36},"end":{"line":40,"column":37}},"loc":{"start":{"line":40,"column":51},"end":{"line":45,"column":3}},"line":40},"5":{"name":"(anonymous_5)","decl":{"start":{"line":43,"column":13},"end":{"line":43,"column":14}},"loc":{"start":{"line":43,"column":21},"end":{"line":43,"column":64}},"line":43},"6":{"name":"(anonymous_6)","decl":{"start":{"line":44,"column":13},"end":{"line":44,"column":14}},"loc":{"start":{"line":44,"column":22},"end":{"line":44,"column":36}},"line":44},"7":{"name":"(anonymous_7)","decl":{"start":{"line":47,"column":36},"end":{"line":47,"column":37}},"loc":{"start":{"line":47,"column":51},"end":{"line":51,"column":3}},"line":47},"8":{"name":"(anonymous_8)","decl":{"start":{"line":53,"column":34},"end":{"line":53,"column":35}},"loc":{"start":{"line":53,"column":53},"end":{"line":56,"column":3}},"line":53},"9":{"name":"(anonymous_9)","decl":{"start":{"line":55,"column":13},"end":{"line":55,"column":14}},"loc":{"start":{"line":55,"column":22},"end":{"line":55,"column":41}},"line":55},"10":{"name":"(anonymous_10)","decl":{"start":{"line":58,"column":32},"end":{"line":58,"column":33}},"loc":{"start":{"line":58,"column":43},"end":{"line":63,"column":3}},"line":58}},"branchMap":{"0":{"loc":{"start":{"line":15,"column":4},"end":{"line":18,"column":5}},"type":"if","locations":[{"start":{"line":15,"column":4},"end":{"line":18,"column":5}},{"start":{"line":15,"column":4},"end":{"line":18,"column":5}}],"line":15},"1":{"loc":{"start":{"line":23,"column":4},"end":{"line":23,"column":62}},"type":"if","locations":[{"start":{"line":23,"column":4},"end":{"line":23,"column":62}},{"start":{"line":23,"column":4},"end":{"line":23,"column":62}}],"line":23},"2":{"loc":{"start":{"line":27,"column":8},"end":{"line":27,"column":58}},"type":"if","locations":[{"start":{"line":27,"column":8},"end":{"line":27,"column":58}},{"start":{"line":27,"column":8},"end":{"line":27,"column":58}}],"line":27},"3":{"loc":{"start":{"line":43,"column":21},"end":{"line":43,"column":64}},"type":"binary-expr","locations":[{"start":{"line":43,"column":21},"end":{"line":43,"column":25}},{"start":{"line":43,"column":29},"end":{"line":43,"column":64}}],"line":43},"4":{"loc":{"start":{"line":55,"column":22},"end":{"line":55,"column":41}},"type":"cond-expr","locations":[{"start":{"line":55,"column":30},"end":{"line":55,"column":34}},{"start":{"line":55,"column":37},"end":{"line":55,"column":41}}],"line":55}},"s":{"0":1,"1":1,"2":1,"3":1,"4":1,"5":1,"6":1,"7":1,"8":1,"9":0,"10":0,"11":0,"12":0,"13":0,"14":0,"15":0,"16":0,"17":0,"18":0,"19":0,"20":1,"21":1,"22":1,"23":1,"24":0,"25":1,"26":0,"27":0,"28":0,"29":1,"30":1,"31":1,"32":1,"33":4,"34":4,"35":1},"f":{"0":1,"1":0,"2":0,"3":0,"4":1,"5":1,"6":0,"7":0,"8":1,"9":1,"10":4},"b":{"0":[1,0],"1":[0,0],"2":[0,0],"3":[1,1],"4":[1,0]},"_coverageSchema":"43e27e138ebf9cfc5966b082cf9a028302ed4184","hash":"69c709287c8568d6493ea12d8a93bead81319b74"}
}
