TN:
SF:/Users/petercarmichael/codefellows/401/labs/401lab15/routes/router.js
FN:10,(anonymous_0)
FN:13,(anonymous_1)
FN:22,(anonymous_2)
FN:35,(anonymous_3)
FN:37,(anonymous_4)
FN:40,(anonymous_5)
FN:43,(anonymous_6)
FN:47,(anonymous_7)
FN:52,(anonymous_8)
FN:56,(anonymous_9)
FN:61,(anonymous_10)
FN:64,(anonymous_11)
FN:69,(anonymous_12)
FN:77,(anonymous_13)
FNF:14
FNH:7
FNDA:1,(anonymous_0)
FNDA:1,(anonymous_1)
FNDA:1,(anonymous_2)
FNDA:1,(anonymous_3)
FNDA:1,(anonymous_4)
FNDA:0,(anonymous_5)
FNDA:0,(anonymous_6)
FNDA:0,(anonymous_7)
FNDA:0,(anonymous_8)
FNDA:0,(anonymous_9)
FNDA:1,(anonymous_10)
FNDA:1,(anonymous_11)
FNDA:0,(anonymous_12)
FNDA:0,(anonymous_13)
DA:3,1
DA:4,1
DA:6,1
DA:7,1
DA:8,1
DA:10,1
DA:11,1
DA:12,1
DA:14,1
DA:15,1
DA:16,1
DA:17,1
DA:18,1
DA:22,1
DA:23,1
DA:24,1
DA:35,1
DA:36,1
DA:38,1
DA:40,0
DA:43,1
DA:44,0
DA:48,0
DA:52,1
DA:53,0
DA:57,0
DA:61,1
DA:62,1
DA:63,1
DA:65,1
DA:69,1
DA:70,0
DA:73,0
DA:74,0
DA:77,1
DA:78,0
DA:84,1
LF:37
LH:28
BRF:0
BRH:0
end_of_record
TN:
SF:/Users/petercarmichael/codefellows/401/labs/401lab15/src/server.js
FN:32,(anonymous_0)
FN:33,(anonymous_1)
FNF:2
FNH:0
FNDA:0,(anonymous_0)
FNDA:0,(anonymous_1)
DA:4,1
DA:5,1
DA:6,1
DA:9,1
DA:10,1
DA:11,1
DA:14,1
DA:17,1
DA:18,1
DA:20,1
DA:21,1
DA:24,1
DA:27,1
DA:30,1
DA:33,0
DA:34,0
LF:16
LH:14
BRF:0
BRH:0
end_of_record
TN:
SF:/Users/petercarmichael/codefellows/401/labs/401lab15/src/auth/middleware.js
FN:5,(anonymous_0)
FN:24,_authBasic
FN:32,(anonymous_2)
FN:36,_authBearer
FN:38,(anonymous_4)
FN:42,_authenticate
FN:54,_authError
FNF:7
FNH:4
FNDA:1,(anonymous_0)
FNDA:1,_authBasic
FNDA:1,(anonymous_2)
FNDA:0,_authBearer
FNDA:0,(anonymous_4)
FNDA:1,_authenticate
FNDA:0,_authError
DA:3,1
DA:5,1
DA:7,1
DA:8,1
DA:10,1
DA:12,1
DA:14,0
DA:16,0
DA:20,0
DA:26,1
DA:27,1
DA:28,1
DA:29,1
DA:31,1
DA:32,1
DA:37,0
DA:38,0
DA:43,1
DA:44,1
DA:45,1
DA:46,1
DA:47,1
DA:50,0
DA:55,0
LF:24
LH:17
BRDA:10,0,0,1
BRDA:10,0,1,0
BRDA:10,0,2,0
BRDA:44,1,0,1
BRDA:44,1,1,0
BRF:5
BRH:2
end_of_record
TN:
SF:/Users/petercarmichael/codefellows/401/labs/401lab15/src/middleware/404.js
FN:3,(anonymous_0)
FNF:1
FNH:0
FNDA:0,(anonymous_0)
DA:3,1
DA:4,0
DA:5,0
DA:6,0
DA:7,0
DA:8,0
DA:9,0
LF:7
LH:1
BRF:0
BRH:0
end_of_record
TN:
SF:/Users/petercarmichael/codefellows/401/labs/401lab15/src/middleware/500.js
FN:3,(anonymous_0)
FNF:1
FNH:0
FNDA:0,(anonymous_0)
DA:3,1
DA:4,0
DA:5,0
LF:3
LH:1
BRF:0
BRH:0
end_of_record
TN:
SF:/Users/petercarmichael/codefellows/401/labs/401lab15/src/models/imageModel.js
FNF:0
FNH:0
DA:3,1
DA:5,1
DA:13,1
LF:3
LH:3
BRF:0
BRH:0
end_of_record
TN:
SF:/Users/petercarmichael/codefellows/401/labs/401lab15/src/models/userModel.js
FN:14,(anonymous_0)
FN:21,(anonymous_1)
FN:26,(anonymous_2)
FN:31,(anonymous_3)
FN:40,(anonymous_4)
FN:43,(anonymous_5)
FN:44,(anonymous_6)
FN:47,(anonymous_7)
FN:53,(anonymous_8)
FN:55,(anonymous_9)
FN:58,(anonymous_10)
FNF:11
FNH:6
FNDA:1,(anonymous_0)
FNDA:0,(anonymous_1)
FNDA:0,(anonymous_2)
FNDA:0,(anonymous_3)
FNDA:1,(anonymous_4)
FNDA:1,(anonymous_5)
FNDA:0,(anonymous_6)
FNDA:0,(anonymous_7)
FNDA:1,(anonymous_8)
FNDA:1,(anonymous_9)
FNDA:4,(anonymous_10)
DA:3,1
DA:4,1
DA:5,1
DA:6,1
DA:8,1
DA:14,1
DA:15,1
DA:17,1
DA:21,1
DA:23,0
DA:25,0
DA:27,0
DA:28,0
DA:29,0
DA:32,0
DA:33,0
DA:34,0
DA:35,0
DA:40,1
DA:41,1
DA:42,1
DA:43,1
DA:44,0
DA:47,1
DA:48,0
DA:49,0
DA:50,0
DA:53,1
DA:54,1
DA:55,1
DA:58,1
DA:59,4
DA:62,4
DA:65,1
LF:34
LH:21
BRDA:15,0,0,1
BRDA:15,0,1,0
BRDA:23,1,0,0
BRDA:23,1,1,0
BRDA:27,2,0,0
BRDA:27,2,1,0
BRDA:43,3,0,1
BRDA:43,3,1,1
BRDA:55,4,0,1
BRDA:55,4,1,0
BRF:10
BRH:4
end_of_record
